2024-10-07 20:28:27.354 | ERROR    | __main__:load_data:61 - Error loading data: GCP_CREDENTIALS environment variable is not set
2024-10-07 20:30:25.317 | INFO     | __main__:download_from_gcs:44 - Downloaded preprocessed_data.csv from system_recommendation to preprocessed_data.csv.
2024-10-07 20:30:31.638 | INFO     | __main__:load_data:58 - Data loaded successfully from GCS.
2024-10-07 20:30:31.639 | INFO     | __main__:load_data:59 - DataFrame shape: (1031136, 16)
2024-10-07 20:30:56.054 | INFO     | __main__:download_from_gcs:44 - Downloaded preprocessed_data.csv from system_recommendation to preprocessed_data.csv.
2024-10-07 20:31:04.419 | INFO     | __main__:load_data:58 - Data loaded successfully from GCS.
2024-10-07 20:31:04.419 | INFO     | __main__:load_data:59 - DataFrame shape: (1031136, 16)
2024-10-07 20:59:06.481 | ERROR    | __main__:load_data:65 - Error loading data: GCP_CREDENTIALS_JSON environment variable is not set
2024-10-07 21:00:10.511 | ERROR    | __main__:load_data:65 - Error loading data: GCP_CREDENTIALS_JSON environment variable is not set
2024-10-07 21:01:14.304 | ERROR    | __main__:load_data:65 - Error loading data: GCP_CREDENTIALS_JSON environment variable is not set
2024-10-07 21:03:22.009 | INFO     | __main__:download_from_gcs:44 - Downloaded preprocessed_data.csv from system_recommendation to preprocessed_data.csv.
2024-10-07 21:03:30.860 | INFO     | __main__:load_data:58 - Data loaded successfully from GCS.
2024-10-07 21:03:30.860 | INFO     | __main__:load_data:59 - DataFrame shape: (1031136, 16)
2024-10-07 21:03:51.068 | INFO     | __main__:download_from_gcs:44 - Downloaded preprocessed_data.csv from system_recommendation to preprocessed_data.csv.
2024-10-07 21:03:56.961 | INFO     | __main__:load_data:58 - Data loaded successfully from GCS.
2024-10-07 21:03:56.962 | INFO     | __main__:load_data:59 - DataFrame shape: (1031136, 16)
2024-10-07 21:05:12.238 | DEBUG    | __main__:search:82 - Recherche pour: jeune
2024-10-07 21:05:12.743 | DEBUG    | __main__:search:104 - Nombre de résultats: 1
2024-10-07 23:16:51.991 | INFO     | __main__:download_from_gcs:44 - Downloaded preprocessed_data.csv from system_recommendation to preprocessed_data.csv.
2024-10-07 23:17:00.455 | INFO     | __main__:load_data:58 - Data loaded successfully from GCS.
2024-10-07 23:17:00.455 | INFO     | __main__:load_data:59 - DataFrame shape: (1031136, 16)
2024-10-07 23:17:34.790 | INFO     | __main__:download_from_gcs:44 - Downloaded preprocessed_data.csv from system_recommendation to preprocessed_data.csv.
2024-10-07 23:17:46.718 | INFO     | __main__:load_data:58 - Data loaded successfully from GCS.
2024-10-07 23:17:46.719 | INFO     | __main__:load_data:59 - DataFrame shape: (1031136, 16)
2024-10-07 23:22:23.998 | ERROR    | __main__:load_data:61 - Error loading data: Incorrect padding
2024-10-07 23:23:44.978 | ERROR    | __main__:get_storage_client:57 - Erreur lors de la création du client storage: name 'binascii' is not defined
2024-10-07 23:23:44.978 | ERROR    | __main__:load_data:82 - Error loading data: name 'binascii' is not defined
2024-10-07 23:26:24.349 | INFO     | __main__:get_storage_client:27 - Tentative d'obtention des credentials GCP par défaut
2024-10-07 23:26:24.375 | ERROR    | __main__:get_storage_client:38 - Erreur lors de la création du client storage: Your default credentials were not found. To set up Application Default Credentials, see https://cloud.google.com/docs/authentication/external/set-up-adc for more information.
2024-10-07 23:26:24.376 | ERROR    | __main__:load_data:63 - Error loading data: Your default credentials were not found. To set up Application Default Credentials, see https://cloud.google.com/docs/authentication/external/set-up-adc for more information.
2024-10-07 23:27:20.893 | INFO     | __main__:download_from_gcs:44 - Downloaded preprocessed_data.csv from system_recommendation to preprocessed_data.csv.
2024-10-07 23:27:28.309 | INFO     | __main__:load_data:58 - Data loaded successfully from GCS.
2024-10-07 23:27:28.309 | INFO     | __main__:load_data:59 - DataFrame shape: (1031136, 16)
2024-10-07 23:28:54.741 | INFO     | __main__:get_storage_client:31 - Exécution dans GitHub Codespaces, utilisation des credentials par défaut
2024-10-07 23:28:54.745 | ERROR    | __main__:get_storage_client:49 - Erreur lors de la création du client storage: Your default credentials were not found. To set up Application Default Credentials, see https://cloud.google.com/docs/authentication/external/set-up-adc for more information.
2024-10-07 23:28:54.745 | ERROR    | __main__:load_data:75 - Error loading data: Your default credentials were not found. To set up Application Default Credentials, see https://cloud.google.com/docs/authentication/external/set-up-adc for more information.
2024-10-07 23:35:11.944 | INFO     | __main__:download_from_gcs:44 - Downloaded preprocessed_data.csv from system_recommendation to preprocessed_data.csv.
2024-10-07 23:35:22.180 | INFO     | __main__:load_data:58 - Data loaded successfully from GCS.
2024-10-07 23:35:22.180 | INFO     | __main__:load_data:59 - DataFrame shape: (1031136, 16)
2024-10-08 00:51:47.909 | INFO     | __main__:download_from_gcs:43 - Downloaded preprocessed_data.csv from system_recommendation to preprocessed_data.csv.
2024-10-08 00:51:54.624 | INFO     | __main__:load_data:56 - Data loaded successfully from GCS.
2024-10-08 00:51:54.625 | INFO     | __main__:load_data:57 - DataFrame shape: (1031136, 16)
2024-10-08 00:52:21.428 | DEBUG    | __main__:search:80 - Recherche pour: jeune
2024-10-08 00:52:21.986 | DEBUG    | __main__:search:102 - Nombre de résultats: 1
2024-10-08 00:52:39.598 | DEBUG    | __main__:chatbot:119 - Message reçu du chatbot: jeune garçon qui aime le foot ball
2024-10-08 00:52:52.282 | DEBUG    | __main__:generate_chatbot_response:202 - Réponse du chatbot générée avec succès
